<?xml version="1.0" encoding="UTF-8"?>
<!-- Generated by org.testng.reporters.JUnitReportReporter -->
<testsuite hostname="Chaitanya" failures="0" tests="2" name="Amazon.tests.ErrorValidationsTest" time="8.661" errors="1" timestamp="2024-07-03T16:44:12 IST" skipped="1">
  <testcase classname="Amazon.tests.ErrorValidationsTest" name="LoginErrorValidation" time="5.951">
    <skipped/>
  </testcase> <!-- LoginErrorValidation -->
  <testcase classname="Amazon.tests.ErrorValidationsTest" name="LoginErrorValidation" time="2.710">
    <error message="Unresolved compilation problem: 
	The method waitForElementToAppear(By) in the type AbstractComponent is not applicable for the arguments (WebElement)
" type="java.lang.Error">
      <![CDATA[java.lang.Error: Unresolved compilation problem: 
The method waitForElementToAppear(By) in the type AbstractComponent is not applicable for the arguments (WebElement)

at Amazon.pageobjects.LandingPage.getErrorMessage(LandingPage.java:56)
at Amazon.tests.ErrorValidationsTest.LoginErrorValidation(ErrorValidationsTest.java:31)
at java.base/jdk.internal.reflect.NativeMethodAccessorImpl.invoke0(Native Method)
at java.base/jdk.internal.reflect.NativeMethodAccessorImpl.invoke(NativeMethodAccessorImpl.java:77)
at java.base/jdk.internal.reflect.DelegatingMethodAccessorImpl.invoke(DelegatingMethodAccessorImpl.java:43)
at java.base/java.lang.reflect.Method.invoke(Method.java:568)
at org.testng.internal.invokers.MethodInvocationHelper.invokeMethod(MethodInvocationHelper.java:141)
at org.testng.internal.invokers.TestInvoker.invokeMethod(TestInvoker.java:686)
at org.testng.internal.invokers.TestInvoker.retryFailed(TestInvoker.java:269)
at org.testng.internal.invokers.MethodRunner.runInSequence(MethodRunner.java:76)
at org.testng.internal.invokers.TestInvoker$MethodInvocationAgent.invoke(TestInvoker.java:992)
at org.testng.internal.invokers.TestInvoker.invokeTestMethods(TestInvoker.java:203)
at org.testng.internal.invokers.TestMethodWorker.invokeTestMethods(TestMethodWorker.java:154)
at org.testng.internal.invokers.TestMethodWorker.run(TestMethodWorker.java:134)
at java.base/java.util.ArrayList.forEach(ArrayList.java:1511)
at org.testng.TestRunner.privateRun(TestRunner.java:739)
at org.testng.TestRunner.run(TestRunner.java:614)
at org.testng.SuiteRunner.runTest(SuiteRunner.java:421)
at org.testng.SuiteRunner$SuiteWorker.run(SuiteRunner.java:463)
at org.testng.internal.thread.ThreadUtil.lambda$execute$0(ThreadUtil.java:64)
at java.base/java.util.concurrent.FutureTask.run(FutureTask.java:264)
at java.base/java.util.concurrent.ThreadPoolExecutor.runWorker(ThreadPoolExecutor.java:1136)
at java.base/java.util.concurrent.ThreadPoolExecutor$Worker.run(ThreadPoolExecutor.java:635)
at java.base/java.lang.Thread.run(Thread.java:840)
]]>
    </error>
  </testcase> <!-- LoginErrorValidation -->
</testsuite> <!-- Amazon.tests.ErrorValidationsTest -->
